app/build/outputs/logs/manifest-merger-debug-report.txt
-- Merging decision tree log ---
manifest
ADDED from src/main/AndroidManifest.xml:2:1-96:12
	package
		ADDED from src/main/AndroidManifest.xml:3:7-32
		INJECTED from src/main/AndroidManifest.xml
		INJECTED from src/main/AndroidManifest.xml
	android:versionName
		ADDED from src/main/AndroidManifest.xml:6:7-35
		INJECTED from src/main/AndroidManifest.xml
		INJECTED from src/main/AndroidManifest.xml
	android:versionCode
		ADDED from src/main/AndroidManifest.xml:5:7-31
		INJECTED from src/main/AndroidManifest.xml
		INJECTED from src/main/AndroidManifest.xml
	xmlns:android
		ADDED from src/main/AndroidManifest.xml:2:11-69
	android:installLocation
		ADDED from src/main/AndroidManifest.xml:4:7-45
supports-screens
ADDED from src/main/AndroidManifest.xml:8:1-13:37
	android:largeScreens
		ADDED from src/main/AndroidManifest.xml:11:9-36
	android:smallScreens
		ADDED from src/main/AndroidManifest.xml:9:2-29
	android:normalScreens
		ADDED from src/main/AndroidManifest.xml:10:9-37
	android:xlargeScreens
		ADDED from src/main/AndroidManifest.xml:12:9-37
	android:anyDensity
		ADDED from src/main/AndroidManifest.xml:13:9-34
uses-sdk
ADDED from src/main/AndroidManifest.xml:16:1-70
MERGED from [com.crashlytics.sdk.android:crashlytics:2.6.8] AndroidManifest.xml:7:5-43
MERGED from [com.crashlytics.sdk.android:beta:1.2.5] AndroidManifest.xml:7:5-43
MERGED from [com.crashlytics.sdk.android:crashlytics-core:2.3.17] AndroidManifest.xml:50:5-43
MERGED from [com.crashlytics.sdk.android:answers:1.3.13] AndroidManifest.xml:7:5-43
MERGED from [io.fabric.sdk.android:fabric:1.3.17] AndroidManifest.xml:27:5-43
	android:targetSdkVersion
		ADDED from src/main/AndroidManifest.xml:16:38-67
		INJECTED from src/main/AndroidManifest.xml
		INJECTED from src/main/AndroidManifest.xml
	android:minSdkVersion
		ADDED from src/main/AndroidManifest.xml:16:11-37
		INJECTED from src/main/AndroidManifest.xml
		INJECTED from src/main/AndroidManifest.xml
uses-permission#android.permission.INTERNET
ADDED from src/main/AndroidManifest.xml:18:1-63
MERGED from [com.crashlytics.sdk.android:crashlytics:2.6.8] AndroidManifest.xml:9:5-67
MERGED from [com.crashlytics.sdk.android:beta:1.2.5] AndroidManifest.xml:9:5-67
MERGED from [com.crashlytics.sdk.android:crashlytics-core:2.3.17] AndroidManifest.xml:52:5-67
MERGED from [com.crashlytics.sdk.android:answers:1.3.13] AndroidManifest.xml:9:5-67
MERGED from [io.fabric.sdk.android:fabric:1.3.17] AndroidManifest.xml:29:5-67
	android:name
		ADDED from src/main/AndroidManifest.xml:18:18-60
uses-permission#android.permission.ACCESS_NETWORK_STATE
ADDED from src/main/AndroidManifest.xml:19:1-75
	android:name
		ADDED from src/main/AndroidManifest.xml:19:18-72
uses-permission#android.permission.WRITE_EXTERNAL_STORAGE
ADDED from src/main/AndroidManifest.xml:20:1-77
	android:name
		ADDED from src/main/AndroidManifest.xml:20:18-74
uses-permission#android.permission.READ_EXTERNAL_STORAGE
ADDED from src/main/AndroidManifest.xml:21:1-76
	android:name
		ADDED from src/main/AndroidManifest.xml:21:18-73
application
ADDED from src/main/AndroidManifest.xml:24:1-95:16
MERGED from [com.crashlytics.sdk.android:crashlytics:2.6.8] AndroidManifest.xml:11:5-20
MERGED from [com.crashlytics.sdk.android:beta:1.2.5] AndroidManifest.xml:11:5-20
MERGED from [com.crashlytics.sdk.android:crashlytics-core:2.3.17] AndroidManifest.xml:54:5-20
MERGED from [com.crashlytics.sdk.android:answers:1.3.13] AndroidManifest.xml:11:5-20
MERGED from [io.fabric.sdk.android:fabric:1.3.17] AndroidManifest.xml:31:5-20
	android:label
		ADDED from src/main/AndroidManifest.xml:24:14-46
	android:icon
		ADDED from src/main/AndroidManifest.xml:24:47-78
activity#co.cloudcoin.cc.MainActivity
ADDED from src/main/AndroidManifest.xml:25:2-83:13
	android:label
		ADDED from src/main/AndroidManifest.xml:27:3-35
	android:theme
		ADDED from src/main/AndroidManifest.xml:26:3-35
	android:name
		ADDED from src/main/AndroidManifest.xml:25:12-39
intent-filter#android.intent.action.MAIN+android.intent.category.LAUNCHER
ADDED from src/main/AndroidManifest.xml:28:4-31:20
action#android.intent.action.MAIN
ADDED from src/main/AndroidManifest.xml:29:5-57
	android:name
		ADDED from src/main/AndroidManifest.xml:29:13-54
category#android.intent.category.LAUNCHER
ADDED from src/main/AndroidManifest.xml:30:5-65
	android:name
		ADDED from src/main/AndroidManifest.xml:30:15-62
intent-filter#android.intent.action.VIEW+android.intent.category.DEFAULT
ADDED from src/main/AndroidManifest.xml:32:3-44:19
action#android.intent.action.VIEW
ADDED from src/main/AndroidManifest.xml:33:4-56
	android:name
		ADDED from src/main/AndroidManifest.xml:33:12-53
category#android.intent.category.DEFAULT
ADDED from src/main/AndroidManifest.xml:34:4-63
	android:name
		ADDED from src/main/AndroidManifest.xml:34:14-60
data
ADDED from src/main/AndroidManifest.xml:35:4-34
	android:scheme
		ADDED from src/main/AndroidManifest.xml:35:10-31
activity#co.cloudcoin.cc.DirPickerActivity
ADDED from src/main/AndroidManifest.xml:85:2-88:20
	android:label
		ADDED from src/main/AndroidManifest.xml:87:15-47
	android:theme
		ADDED from src/main/AndroidManifest.xml:86:18-50
	android:name
		ADDED from src/main/AndroidManifest.xml:85:12-44
meta-data#io.fabric.ApiKey
ADDED from src/main/AndroidManifest.xml:91:2-94:5
	android:value
		ADDED from src/main/AndroidManifest.xml:93:3-59
	android:name
		ADDED from src/main/AndroidManifest.xml:92:3-34